2023-04-03 23:29:04,719 INFO [main] c.v.c.MailTest [StartupInfoLogger.java:51] Starting MailTest using Java 17.0.2 with PID 14364 (started by Login in D:\Desktop\community)
2023-04-03 23:29:04,724 INFO [main] c.v.c.MailTest [SpringApplication.java:632] No active profile set, falling back to 1 default profile: "default"
2023-04-03 23:29:05,835 INFO [main] c.v.c.MailTest [StartupInfoLogger.java:51] Starting MailTest using Java 17.0.2 with PID 2420 (started by Login in D:\Desktop\community)
2023-04-03 23:29:05,839 INFO [main] c.v.c.MailTest [SpringApplication.java:632] No active profile set, falling back to 1 default profile: "default"
2023-04-03 23:29:07,243 INFO [main] o.s.b.a.w.s.WelcomePageHandlerMapping [WelcomePageHandlerMapping.java:56] Adding welcome page template: index
2023-04-03 23:29:07,595 INFO [main] c.v.c.MailTest [StartupInfoLogger.java:57] Started MailTest in 3.765 seconds (process running for 5.806)
2023-04-03 23:29:08,075 INFO [main] o.s.b.a.w.s.WelcomePageHandlerMapping [WelcomePageHandlerMapping.java:56] Adding welcome page template: index
2023-04-03 23:29:08,384 INFO [main] c.v.c.MailTest [StartupInfoLogger.java:57] Started MailTest in 3.167 seconds (process running for 4.493)
2023-04-03 23:30:14,259 INFO [main] c.v.c.MailTest [StartupInfoLogger.java:51] Starting MailTest using Java 17.0.2 with PID 4648 (started by Login in D:\Desktop\community)
2023-04-03 23:30:14,264 INFO [main] c.v.c.MailTest [SpringApplication.java:632] No active profile set, falling back to 1 default profile: "default"
2023-04-03 23:30:16,780 INFO [main] o.s.b.a.w.s.WelcomePageHandlerMapping [WelcomePageHandlerMapping.java:56] Adding welcome page template: index
2023-04-03 23:30:17,141 INFO [main] c.v.c.MailTest [StartupInfoLogger.java:57] Started MailTest in 3.651 seconds (process running for 4.936)
2023-04-03 23:48:53,823 INFO [restartedMain] c.v.c.CommunityApplication [StartupInfoLogger.java:51] Starting CommunityApplication using Java 17.0.2 with PID 4448 (D:\Desktop\community\target\classes started by Login in D:\Desktop\community)
2023-04-03 23:48:53,827 INFO [restartedMain] c.v.c.CommunityApplication [SpringApplication.java:632] No active profile set, falling back to 1 default profile: "default"
2023-04-03 23:48:53,896 INFO [restartedMain] o.s.b.d.e.DevToolsPropertyDefaultsPostProcessor [DeferredLog.java:250] Devtools property defaults active! Set 'spring.devtools.add-properties' to 'false' to disable
2023-04-03 23:48:53,897 INFO [restartedMain] o.s.b.d.e.DevToolsPropertyDefaultsPostProcessor [DeferredLog.java:250] For additional web related logging consider setting the 'logging.level.web' property to 'DEBUG'
2023-04-03 23:48:55,382 INFO [restartedMain] o.s.b.w.e.t.TomcatWebServer [TomcatWebServer.java:108] Tomcat initialized with port(s): 8080 (http)
2023-04-03 23:48:55,394 INFO [restartedMain] o.a.c.h.Http11NioProtocol [DirectJDKLog.java:173] Initializing ProtocolHandler ["http-nio-8080"]
2023-04-03 23:48:55,395 INFO [restartedMain] o.a.c.c.StandardService [DirectJDKLog.java:173] Starting service [Tomcat]
2023-04-03 23:48:55,396 INFO [restartedMain] o.a.c.c.StandardEngine [DirectJDKLog.java:173] Starting Servlet engine: [Apache Tomcat/10.1.7]
2023-04-03 23:48:55,468 INFO [restartedMain] o.a.c.c.C.[.[.[/] [DirectJDKLog.java:173] Initializing Spring embedded WebApplicationContext
2023-04-03 23:48:55,469 INFO [restartedMain] o.s.b.w.s.c.ServletWebServerApplicationContext [ServletWebServerApplicationContext.java:291] Root WebApplicationContext: initialization completed in 1570 ms
2023-04-03 23:48:56,039 INFO [restartedMain] o.s.b.a.w.s.WelcomePageHandlerMapping [WelcomePageHandlerMapping.java:56] Adding welcome page template: index
2023-04-03 23:48:56,244 INFO [restartedMain] o.s.b.d.a.OptionalLiveReloadServer [OptionalLiveReloadServer.java:59] LiveReload server is running on port 35729
2023-04-03 23:48:56,265 INFO [restartedMain] o.a.c.h.Http11NioProtocol [DirectJDKLog.java:173] Starting ProtocolHandler ["http-nio-8080"]
2023-04-03 23:48:56,286 INFO [restartedMain] o.s.b.w.e.t.TomcatWebServer [TomcatWebServer.java:220] Tomcat started on port(s): 8080 (http) with context path ''
2023-04-03 23:48:56,297 INFO [restartedMain] c.v.c.CommunityApplication [StartupInfoLogger.java:57] Started CommunityApplication in 3.141 seconds (process running for 4.003)
2023-04-03 23:49:03,267 INFO [http-nio-8080-exec-1] o.a.c.c.C.[.[.[/] [DirectJDKLog.java:173] Initializing Spring DispatcherServlet 'dispatcherServlet'
2023-04-03 23:49:03,267 INFO [http-nio-8080-exec-1] o.s.w.s.DispatcherServlet [FrameworkServlet.java:532] Initializing Servlet 'dispatcherServlet'
2023-04-03 23:49:03,269 INFO [http-nio-8080-exec-1] o.s.w.s.DispatcherServlet [FrameworkServlet.java:554] Completed initialization in 2 ms
2023-04-03 23:49:10,424 INFO [http-nio-8080-exec-4] c.z.h.HikariDataSource [HikariDataSource.java:110] HikariPool-1 - Starting...
2023-04-03 23:50:40,945 INFO [http-nio-8080-exec-6] c.z.h.HikariDataSource [HikariDataSource.java:110] HikariPool-1 - Starting...
2023-04-03 23:50:41,056 INFO [http-nio-8080-exec-6] c.z.h.p.HikariPool [HikariPool.java:565] HikariPool-1 - Added connection com.mysql.cj.jdbc.ConnectionImpl@77d8fc1a
2023-04-03 23:50:41,060 INFO [http-nio-8080-exec-6] c.z.h.HikariDataSource [HikariDataSource.java:123] HikariPool-1 - Start completed.
2023-04-03 23:51:58,366 INFO [SpringApplicationShutdownHook] c.z.h.HikariDataSource [HikariDataSource.java:350] HikariPool-1 - Shutdown initiated...
2023-04-03 23:51:58,383 INFO [SpringApplicationShutdownHook] c.z.h.HikariDataSource [HikariDataSource.java:352] HikariPool-1 - Shutdown completed.
2023-04-03 23:52:03,099 INFO [restartedMain] c.v.c.CommunityApplication [StartupInfoLogger.java:51] Starting CommunityApplication using Java 17.0.2 with PID 14788 (D:\Desktop\community\target\classes started by Login in D:\Desktop\community)
2023-04-03 23:52:03,102 INFO [restartedMain] c.v.c.CommunityApplication [SpringApplication.java:632] No active profile set, falling back to 1 default profile: "default"
2023-04-03 23:52:03,169 INFO [restartedMain] o.s.b.d.e.DevToolsPropertyDefaultsPostProcessor [DeferredLog.java:250] Devtools property defaults active! Set 'spring.devtools.add-properties' to 'false' to disable
2023-04-03 23:52:03,170 INFO [restartedMain] o.s.b.d.e.DevToolsPropertyDefaultsPostProcessor [DeferredLog.java:250] For additional web related logging consider setting the 'logging.level.web' property to 'DEBUG'
2023-04-03 23:52:04,529 INFO [restartedMain] o.s.b.w.e.t.TomcatWebServer [TomcatWebServer.java:108] Tomcat initialized with port(s): 8080 (http)
2023-04-03 23:52:04,540 INFO [restartedMain] o.a.c.h.Http11NioProtocol [DirectJDKLog.java:173] Initializing ProtocolHandler ["http-nio-8080"]
2023-04-03 23:52:04,542 INFO [restartedMain] o.a.c.c.StandardService [DirectJDKLog.java:173] Starting service [Tomcat]
2023-04-03 23:52:04,543 INFO [restartedMain] o.a.c.c.StandardEngine [DirectJDKLog.java:173] Starting Servlet engine: [Apache Tomcat/10.1.7]
2023-04-03 23:52:04,615 INFO [restartedMain] o.a.c.c.C.[.[.[/] [DirectJDKLog.java:173] Initializing Spring embedded WebApplicationContext
2023-04-03 23:52:04,615 INFO [restartedMain] o.s.b.w.s.c.ServletWebServerApplicationContext [ServletWebServerApplicationContext.java:291] Root WebApplicationContext: initialization completed in 1444 ms
2023-04-03 23:52:05,196 INFO [restartedMain] o.s.b.a.w.s.WelcomePageHandlerMapping [WelcomePageHandlerMapping.java:56] Adding welcome page template: index
2023-04-03 23:52:05,439 INFO [restartedMain] o.s.b.d.a.OptionalLiveReloadServer [OptionalLiveReloadServer.java:59] LiveReload server is running on port 35729
2023-04-03 23:52:05,468 INFO [restartedMain] o.a.c.h.Http11NioProtocol [DirectJDKLog.java:173] Starting ProtocolHandler ["http-nio-8080"]
2023-04-03 23:52:05,491 INFO [restartedMain] o.s.b.w.e.t.TomcatWebServer [TomcatWebServer.java:220] Tomcat started on port(s): 8080 (http) with context path ''
2023-04-03 23:52:05,505 INFO [restartedMain] c.v.c.CommunityApplication [StartupInfoLogger.java:57] Started CommunityApplication in 3.125 seconds (process running for 3.916)
2023-04-03 23:52:08,544 INFO [http-nio-8080-exec-1] o.a.c.c.C.[.[.[/] [DirectJDKLog.java:173] Initializing Spring DispatcherServlet 'dispatcherServlet'
2023-04-03 23:52:08,546 INFO [http-nio-8080-exec-1] o.s.w.s.DispatcherServlet [FrameworkServlet.java:532] Initializing Servlet 'dispatcherServlet'
2023-04-03 23:52:08,552 INFO [http-nio-8080-exec-1] o.s.w.s.DispatcherServlet [FrameworkServlet.java:554] Completed initialization in 5 ms
2023-04-03 23:52:08,677 INFO [http-nio-8080-exec-1] c.z.h.HikariDataSource [HikariDataSource.java:110] HikariPool-1 - Starting...
2023-04-03 23:52:08,924 INFO [http-nio-8080-exec-1] c.z.h.p.HikariPool [HikariPool.java:565] HikariPool-1 - Added connection com.mysql.cj.jdbc.ConnectionImpl@3e5fcf72
2023-04-03 23:52:08,928 INFO [http-nio-8080-exec-1] c.z.h.HikariDataSource [HikariDataSource.java:123] HikariPool-1 - Start completed.
2023-04-03 23:56:20,448 INFO [SpringApplicationShutdownHook] c.z.h.HikariDataSource [HikariDataSource.java:350] HikariPool-1 - Shutdown initiated...
2023-04-03 23:56:20,461 INFO [SpringApplicationShutdownHook] c.z.h.HikariDataSource [HikariDataSource.java:352] HikariPool-1 - Shutdown completed.
2023-04-03 23:56:26,886 INFO [restartedMain] c.v.c.CommunityApplication [StartupInfoLogger.java:51] Starting CommunityApplication using Java 17.0.2 with PID 9744 (D:\Desktop\community\target\classes started by Login in D:\Desktop\community)
2023-04-03 23:56:26,890 INFO [restartedMain] c.v.c.CommunityApplication [SpringApplication.java:632] No active profile set, falling back to 1 default profile: "default"
2023-04-03 23:56:26,956 INFO [restartedMain] o.s.b.d.e.DevToolsPropertyDefaultsPostProcessor [DeferredLog.java:250] Devtools property defaults active! Set 'spring.devtools.add-properties' to 'false' to disable
2023-04-03 23:56:26,957 INFO [restartedMain] o.s.b.d.e.DevToolsPropertyDefaultsPostProcessor [DeferredLog.java:250] For additional web related logging consider setting the 'logging.level.web' property to 'DEBUG'
2023-04-03 23:56:28,304 INFO [restartedMain] o.s.b.w.e.t.TomcatWebServer [TomcatWebServer.java:108] Tomcat initialized with port(s): 8080 (http)
2023-04-03 23:56:28,316 INFO [restartedMain] o.a.c.h.Http11NioProtocol [DirectJDKLog.java:173] Initializing ProtocolHandler ["http-nio-8080"]
2023-04-03 23:56:28,317 INFO [restartedMain] o.a.c.c.StandardService [DirectJDKLog.java:173] Starting service [Tomcat]
2023-04-03 23:56:28,318 INFO [restartedMain] o.a.c.c.StandardEngine [DirectJDKLog.java:173] Starting Servlet engine: [Apache Tomcat/10.1.7]
2023-04-03 23:56:28,376 INFO [restartedMain] o.a.c.c.C.[.[.[/] [DirectJDKLog.java:173] Initializing Spring embedded WebApplicationContext
2023-04-03 23:56:28,377 INFO [restartedMain] o.s.b.w.s.c.ServletWebServerApplicationContext [ServletWebServerApplicationContext.java:291] Root WebApplicationContext: initialization completed in 1418 ms
2023-04-03 23:56:28,868 INFO [restartedMain] o.s.b.a.w.s.WelcomePageHandlerMapping [WelcomePageHandlerMapping.java:56] Adding welcome page template: index
2023-04-03 23:56:29,052 INFO [restartedMain] o.s.b.d.a.OptionalLiveReloadServer [OptionalLiveReloadServer.java:59] LiveReload server is running on port 35729
2023-04-03 23:56:29,070 INFO [restartedMain] o.a.c.h.Http11NioProtocol [DirectJDKLog.java:173] Starting ProtocolHandler ["http-nio-8080"]
2023-04-03 23:56:29,093 INFO [restartedMain] o.s.b.w.e.t.TomcatWebServer [TomcatWebServer.java:220] Tomcat started on port(s): 8080 (http) with context path ''
2023-04-03 23:56:29,103 INFO [restartedMain] c.v.c.CommunityApplication [StartupInfoLogger.java:57] Started CommunityApplication in 2.863 seconds (process running for 3.646)
2023-04-03 23:56:32,822 INFO [http-nio-8080-exec-2] o.a.c.c.C.[.[.[/] [DirectJDKLog.java:173] Initializing Spring DispatcherServlet 'dispatcherServlet'
2023-04-03 23:56:32,822 INFO [http-nio-8080-exec-2] o.s.w.s.DispatcherServlet [FrameworkServlet.java:532] Initializing Servlet 'dispatcherServlet'
2023-04-03 23:56:32,824 INFO [http-nio-8080-exec-2] o.s.w.s.DispatcherServlet [FrameworkServlet.java:554] Completed initialization in 1 ms
2023-04-03 23:56:39,311 INFO [http-nio-8080-exec-3] c.z.h.HikariDataSource [HikariDataSource.java:110] HikariPool-1 - Starting...
2023-04-03 23:56:39,536 INFO [http-nio-8080-exec-3] c.z.h.p.HikariPool [HikariPool.java:565] HikariPool-1 - Added connection com.mysql.cj.jdbc.ConnectionImpl@6e0ebb81
2023-04-03 23:56:39,544 INFO [http-nio-8080-exec-3] c.z.h.HikariDataSource [HikariDataSource.java:123] HikariPool-1 - Start completed.
2023-04-03 23:58:55,615 INFO [SpringApplicationShutdownHook] c.z.h.HikariDataSource [HikariDataSource.java:350] HikariPool-1 - Shutdown initiated...
2023-04-03 23:58:55,629 INFO [SpringApplicationShutdownHook] c.z.h.HikariDataSource [HikariDataSource.java:352] HikariPool-1 - Shutdown completed.
2023-04-03 23:59:01,767 INFO [restartedMain] c.v.c.CommunityApplication [StartupInfoLogger.java:51] Starting CommunityApplication using Java 17.0.2 with PID 8992 (D:\Desktop\community\target\classes started by Login in D:\Desktop\community)
2023-04-03 23:59:01,771 INFO [restartedMain] c.v.c.CommunityApplication [SpringApplication.java:632] No active profile set, falling back to 1 default profile: "default"
2023-04-03 23:59:01,840 INFO [restartedMain] o.s.b.d.e.DevToolsPropertyDefaultsPostProcessor [DeferredLog.java:250] Devtools property defaults active! Set 'spring.devtools.add-properties' to 'false' to disable
2023-04-03 23:59:01,841 INFO [restartedMain] o.s.b.d.e.DevToolsPropertyDefaultsPostProcessor [DeferredLog.java:250] For additional web related logging consider setting the 'logging.level.web' property to 'DEBUG'
2023-04-03 23:59:03,303 INFO [restartedMain] o.s.b.w.e.t.TomcatWebServer [TomcatWebServer.java:108] Tomcat initialized with port(s): 8080 (http)
2023-04-03 23:59:03,319 INFO [restartedMain] o.a.c.h.Http11NioProtocol [DirectJDKLog.java:173] Initializing ProtocolHandler ["http-nio-8080"]
2023-04-03 23:59:03,321 INFO [restartedMain] o.a.c.c.StandardService [DirectJDKLog.java:173] Starting service [Tomcat]
2023-04-03 23:59:03,321 INFO [restartedMain] o.a.c.c.StandardEngine [DirectJDKLog.java:173] Starting Servlet engine: [Apache Tomcat/10.1.7]
2023-04-03 23:59:03,398 INFO [restartedMain] o.a.c.c.C.[.[.[/] [DirectJDKLog.java:173] Initializing Spring embedded WebApplicationContext
2023-04-03 23:59:03,399 INFO [restartedMain] o.s.b.w.s.c.ServletWebServerApplicationContext [ServletWebServerApplicationContext.java:291] Root WebApplicationContext: initialization completed in 1556 ms
2023-04-03 23:59:04,001 INFO [restartedMain] o.s.b.a.w.s.WelcomePageHandlerMapping [WelcomePageHandlerMapping.java:56] Adding welcome page template: index
2023-04-03 23:59:04,223 INFO [restartedMain] o.s.b.d.a.OptionalLiveReloadServer [OptionalLiveReloadServer.java:59] LiveReload server is running on port 35729
2023-04-03 23:59:04,243 INFO [restartedMain] o.a.c.h.Http11NioProtocol [DirectJDKLog.java:173] Starting ProtocolHandler ["http-nio-8080"]
2023-04-03 23:59:04,263 INFO [restartedMain] o.s.b.w.e.t.TomcatWebServer [TomcatWebServer.java:220] Tomcat started on port(s): 8080 (http) with context path ''
2023-04-03 23:59:04,275 INFO [restartedMain] c.v.c.CommunityApplication [StartupInfoLogger.java:57] Started CommunityApplication in 3.308 seconds (process running for 4.121)
2023-04-03 23:59:05,669 INFO [http-nio-8080-exec-2] o.a.c.c.C.[.[.[/] [DirectJDKLog.java:173] Initializing Spring DispatcherServlet 'dispatcherServlet'
2023-04-03 23:59:05,670 INFO [http-nio-8080-exec-2] o.s.w.s.DispatcherServlet [FrameworkServlet.java:532] Initializing Servlet 'dispatcherServlet'
2023-04-03 23:59:05,673 INFO [http-nio-8080-exec-2] o.s.w.s.DispatcherServlet [FrameworkServlet.java:554] Completed initialization in 3 ms
2023-04-03 23:59:05,789 INFO [http-nio-8080-exec-2] c.z.h.HikariDataSource [HikariDataSource.java:110] HikariPool-1 - Starting...
2023-04-03 23:59:06,007 INFO [http-nio-8080-exec-2] c.z.h.p.HikariPool [HikariPool.java:565] HikariPool-1 - Added connection com.mysql.cj.jdbc.ConnectionImpl@72407e32
2023-04-03 23:59:06,011 INFO [http-nio-8080-exec-2] c.z.h.HikariDataSource [HikariDataSource.java:123] HikariPool-1 - Start completed.
